[6.368s] Invoking command in '/home/ws/桌面/robot/src/lasersensor_pkg': DEBUGINFOD_URLS=https://debuginfod.ubuntu.com PYTHONPATH=/home/ws/桌面/robot/build/lasersensor_pkg/prefix_override:/usr/lib/python3/dist-packages/colcon_core/task/python/colcon_distutils_commands:/home/ws/桌面/robot/install/lasersensor_pkg/lib/python3.12/site-packages:${PYTHONPATH} /usr/bin/python3 -W ignore:setup.py install is deprecated -W ignore:easy_install command is deprecated setup.py egg_info --egg-base ../../build/lasersensor_pkg build --build-base /home/ws/桌面/robot/build/lasersensor_pkg/build install --record /home/ws/桌面/robot/build/lasersensor_pkg/install.log --single-version-externally-managed install_data
[7.511s] running egg_info
[7.643s] writing ../../build/lasersensor_pkg/lasersensor_pkg.egg-info/PKG-INFO
[7.647s] writing dependency_links to ../../build/lasersensor_pkg/lasersensor_pkg.egg-info/dependency_links.txt
[7.648s] writing entry points to ../../build/lasersensor_pkg/lasersensor_pkg.egg-info/entry_points.txt
[7.651s] writing requirements to ../../build/lasersensor_pkg/lasersensor_pkg.egg-info/requires.txt
[7.652s] writing top-level names to ../../build/lasersensor_pkg/lasersensor_pkg.egg-info/top_level.txt
[7.989s] reading manifest file '../../build/lasersensor_pkg/lasersensor_pkg.egg-info/SOURCES.txt'
[7.994s] writing manifest file '../../build/lasersensor_pkg/lasersensor_pkg.egg-info/SOURCES.txt'
[8.005s] running build
[8.009s] running build_py
[8.022s] copying lasersensor_pkg/lasersensor_publisher_node.py -> /home/ws/桌面/robot/build/lasersensor_pkg/build/lib/lasersensor_pkg
[8.023s] copying lasersensor_pkg/lasersensor_subscriber_node.py -> /home/ws/桌面/robot/build/lasersensor_pkg/build/lib/lasersensor_pkg
[8.023s] running install
[8.035s] running install_lib
[8.164s] copying /home/ws/桌面/robot/build/lasersensor_pkg/build/lib/lasersensor_pkg/lasersensor_publisher_node.py -> /home/ws/桌面/robot/install/lasersensor_pkg/lib/python3.12/site-packages/lasersensor_pkg
[8.166s] copying /home/ws/桌面/robot/build/lasersensor_pkg/build/lib/lasersensor_pkg/lasersensor_subscriber_node.py -> /home/ws/桌面/robot/install/lasersensor_pkg/lib/python3.12/site-packages/lasersensor_pkg
[8.175s] byte-compiling /home/ws/桌面/robot/install/lasersensor_pkg/lib/python3.12/site-packages/lasersensor_pkg/lasersensor_publisher_node.py to lasersensor_publisher_node.cpython-312.pyc
[8.178s] byte-compiling /home/ws/桌面/robot/install/lasersensor_pkg/lib/python3.12/site-packages/lasersensor_pkg/lasersensor_subscriber_node.py to lasersensor_subscriber_node.cpython-312.pyc
[8.181s] running install_data
[8.183s] copying package.xml -> /home/ws/桌面/robot/install/lasersensor_pkg/share/lasersensor_pkg
[8.190s] running install_egg_info
[8.344s] removing '/home/ws/桌面/robot/install/lasersensor_pkg/lib/python3.12/site-packages/lasersensor_pkg-0.0.0-py3.12.egg-info' (and everything under it)
[8.356s] Copying ../../build/lasersensor_pkg/lasersensor_pkg.egg-info to /home/ws/桌面/robot/install/lasersensor_pkg/lib/python3.12/site-packages/lasersensor_pkg-0.0.0-py3.12.egg-info
[8.370s] running install_scripts
[9.348s] Installing listener script to /home/ws/桌面/robot/install/lasersensor_pkg/lib/lasersensor_pkg
[9.348s] Installing talker script to /home/ws/桌面/robot/install/lasersensor_pkg/lib/lasersensor_pkg
[9.359s] writing list of installed files to '/home/ws/桌面/robot/build/lasersensor_pkg/install.log'
[9.456s] Invoked command in '/home/ws/桌面/robot/src/lasersensor_pkg' returned '0': DEBUGINFOD_URLS=https://debuginfod.ubuntu.com PYTHONPATH=/home/ws/桌面/robot/build/lasersensor_pkg/prefix_override:/usr/lib/python3/dist-packages/colcon_core/task/python/colcon_distutils_commands:/home/ws/桌面/robot/install/lasersensor_pkg/lib/python3.12/site-packages:${PYTHONPATH} /usr/bin/python3 -W ignore:setup.py install is deprecated -W ignore:easy_install command is deprecated setup.py egg_info --egg-base ../../build/lasersensor_pkg build --build-base /home/ws/桌面/robot/build/lasersensor_pkg/build install --record /home/ws/桌面/robot/build/lasersensor_pkg/install.log --single-version-externally-managed install_data
