running egg_info
writing ../../build/lasersensor_pkg/lasersensor_pkg.egg-info/PKG-INFO
writing dependency_links to ../../build/lasersensor_pkg/lasersensor_pkg.egg-info/dependency_links.txt
writing entry points to ../../build/lasersensor_pkg/lasersensor_pkg.egg-info/entry_points.txt
writing requirements to ../../build/lasersensor_pkg/lasersensor_pkg.egg-info/requires.txt
writing top-level names to ../../build/lasersensor_pkg/lasersensor_pkg.egg-info/top_level.txt
reading manifest file '../../build/lasersensor_pkg/lasersensor_pkg.egg-info/SOURCES.txt'
writing manifest file '../../build/lasersensor_pkg/lasersensor_pkg.egg-info/SOURCES.txt'
running build
running build_py
copying lasersensor_pkg/lasersensor_publisher_node.py -> /home/ws/桌面/robot/build/lasersensor_pkg/build/lib/lasersensor_pkg
running install
running install_lib
copying /home/ws/桌面/robot/build/lasersensor_pkg/build/lib/lasersensor_pkg/lasersensor_publisher_node.py -> /home/ws/桌面/robot/install/lasersensor_pkg/lib/python3.12/site-packages/lasersensor_pkg
byte-compiling /home/ws/桌面/robot/install/lasersensor_pkg/lib/python3.12/site-packages/lasersensor_pkg/lasersensor_publisher_node.py to lasersensor_publisher_node.cpython-312.pyc
running install_data
running install_egg_info
removing '/home/ws/桌面/robot/install/lasersensor_pkg/lib/python3.12/site-packages/lasersensor_pkg-0.0.0-py3.12.egg-info' (and everything under it)
Copying ../../build/lasersensor_pkg/lasersensor_pkg.egg-info to /home/ws/桌面/robot/install/lasersensor_pkg/lib/python3.12/site-packages/lasersensor_pkg-0.0.0-py3.12.egg-info
running install_scripts
Installing listener script to /home/ws/桌面/robot/install/lasersensor_pkg/lib/lasersensor_pkg
Installing talker script to /home/ws/桌面/robot/install/lasersensor_pkg/lib/lasersensor_pkg
writing list of installed files to '/home/ws/桌面/robot/build/lasersensor_pkg/install.log'
