running egg_info
creating ../../build/lasersensor_pkg/lasersensor_pkg.egg-info
writing ../../build/lasersensor_pkg/lasersensor_pkg.egg-info/PKG-INFO
writing dependency_links to ../../build/lasersensor_pkg/lasersensor_pkg.egg-info/dependency_links.txt
writing requirements to ../../build/lasersensor_pkg/lasersensor_pkg.egg-info/requires.txt
writing top-level names to ../../build/lasersensor_pkg/lasersensor_pkg.egg-info/top_level.txt
writing manifest file '../../build/lasersensor_pkg/lasersensor_pkg.egg-info/SOURCES.txt'
reading manifest file '../../build/lasersensor_pkg/lasersensor_pkg.egg-info/SOURCES.txt'
writing manifest file '../../build/lasersensor_pkg/lasersensor_pkg.egg-info/SOURCES.txt'
running build
running build_py
creating /home/ws/桌面/robot/build/lasersensor_pkg/build
creating /home/ws/桌面/robot/build/lasersensor_pkg/build/lib
creating /home/ws/桌面/robot/build/lasersensor_pkg/build/lib/lasersensor_pkg
copying lasersensor_pkg/lasersensor_publisher_node.py -> /home/ws/桌面/robot/build/lasersensor_pkg/build/lib/lasersensor_pkg
copying lasersensor_pkg/__init__.py -> /home/ws/桌面/robot/build/lasersensor_pkg/build/lib/lasersensor_pkg
copying lasersensor_pkg/lasersensor_subscriber_node.py -> /home/ws/桌面/robot/build/lasersensor_pkg/build/lib/lasersensor_pkg
running install
running install_lib
creating /home/ws/桌面/robot/install/lasersensor_pkg/lib/python3.12/site-packages/lasersensor_pkg
copying /home/ws/桌面/robot/build/lasersensor_pkg/build/lib/lasersensor_pkg/lasersensor_publisher_node.py -> /home/ws/桌面/robot/install/lasersensor_pkg/lib/python3.12/site-packages/lasersensor_pkg
copying /home/ws/桌面/robot/build/lasersensor_pkg/build/lib/lasersensor_pkg/__init__.py -> /home/ws/桌面/robot/install/lasersensor_pkg/lib/python3.12/site-packages/lasersensor_pkg
copying /home/ws/桌面/robot/build/lasersensor_pkg/build/lib/lasersensor_pkg/lasersensor_subscriber_node.py -> /home/ws/桌面/robot/install/lasersensor_pkg/lib/python3.12/site-packages/lasersensor_pkg
byte-compiling /home/ws/桌面/robot/install/lasersensor_pkg/lib/python3.12/site-packages/lasersensor_pkg/lasersensor_publisher_node.py to lasersensor_publisher_node.cpython-312.pyc
byte-compiling /home/ws/桌面/robot/install/lasersensor_pkg/lib/python3.12/site-packages/lasersensor_pkg/__init__.py to __init__.cpython-312.pyc
byte-compiling /home/ws/桌面/robot/install/lasersensor_pkg/lib/python3.12/site-packages/lasersensor_pkg/lasersensor_subscriber_node.py to lasersensor_subscriber_node.cpython-312.pyc
running install_data
creating /home/ws/桌面/robot/install/lasersensor_pkg/share/ament_index
creating /home/ws/桌面/robot/install/lasersensor_pkg/share/ament_index/resource_index
creating /home/ws/桌面/robot/install/lasersensor_pkg/share/ament_index/resource_index/packages
copying resource/lasersensor_pkg -> /home/ws/桌面/robot/install/lasersensor_pkg/share/ament_index/resource_index/packages
copying package.xml -> /home/ws/桌面/robot/install/lasersensor_pkg/share/lasersensor_pkg
running install_egg_info
Copying ../../build/lasersensor_pkg/lasersensor_pkg.egg-info to /home/ws/桌面/robot/install/lasersensor_pkg/lib/python3.12/site-packages/lasersensor_pkg-0.0.0-py3.12.egg-info
running install_scripts
writing list of installed files to '/home/ws/桌面/robot/build/lasersensor_pkg/install.log'
