[0.739s] DEBUG:colcon:Command line arguments: ['/usr/bin/colcon', 'build', '--packages-select', 'lasersensor_pkg']
[0.744s] DEBUG:colcon:Parsed command line arguments: Namespace(log_base=None, log_level=None, verb_name='build', build_base='build', install_base='install', merge_install=False, symlink_install=False, test_result_base=None, continue_on_error=False, executor='parallel', parallel_workers=2, event_handlers=None, ignore_user_meta=False, metas=['./colcon.meta'], base_paths=['.'], packages_ignore=None, packages_ignore_regex=None, paths=None, packages_up_to=None, packages_up_to_regex=None, packages_above=None, packages_above_and_dependencies=None, packages_above_depth=None, packages_select_by_dep=None, packages_skip_by_dep=None, packages_skip_up_to=None, packages_select_build_failed=False, packages_skip_build_finished=False, packages_select_test_failures=False, packages_skip_test_passed=False, packages_select=['lasersensor_pkg'], packages_skip=None, packages_select_regex=None, packages_skip_regex=None, packages_start=None, packages_end=None, allow_overriding=[], cmake_args=None, cmake_target=None, cmake_target_skip_unavailable=False, cmake_clean_cache=False, cmake_clean_first=False, cmake_force_configure=False, ament_cmake_args=None, catkin_cmake_args=None, catkin_skip_building_tests=False, verb_parser=<colcon_defaults.argument_parser.defaults.DefaultArgumentsDecorator object at 0x70fb650848c0>, verb_extension=<colcon_core.verb.build.BuildVerb object at 0x70fb6505c830>, main=<bound method BuildVerb.main of <colcon_core.verb.build.BuildVerb object at 0x70fb6505c830>>)
[1.249s] Level 1:colcon.colcon_core.package_discovery:discover_packages(colcon_meta) check parameters
[1.249s] Level 1:colcon.colcon_core.package_discovery:discover_packages(recursive) check parameters
[1.250s] Level 1:colcon.colcon_core.package_discovery:discover_packages(ignore) check parameters
[1.250s] Level 1:colcon.colcon_core.package_discovery:discover_packages(path) check parameters
[1.250s] Level 1:colcon.colcon_core.package_discovery:discover_packages(colcon_meta) discover
[1.250s] Level 1:colcon.colcon_core.package_discovery:discover_packages(recursive) discover
[1.250s] INFO:colcon.colcon_core.package_discovery:Crawling recursively for packages in '/home/ws/桌面/robot'
[1.251s] Level 1:colcon.colcon_core.package_identification:_identify(.) by extensions ['ignore', 'ignore_ament_install']
[1.251s] Level 1:colcon.colcon_core.package_identification:_identify(.) by extension 'ignore'
[1.252s] Level 1:colcon.colcon_core.package_identification:_identify(.) by extension 'ignore_ament_install'
[1.252s] Level 1:colcon.colcon_core.package_identification:_identify(.) by extensions ['colcon_pkg']
[1.252s] Level 1:colcon.colcon_core.package_identification:_identify(.) by extension 'colcon_pkg'
[1.253s] Level 1:colcon.colcon_core.package_identification:_identify(.) by extensions ['colcon_meta']
[1.253s] Level 1:colcon.colcon_core.package_identification:_identify(.) by extension 'colcon_meta'
[1.253s] Level 1:colcon.colcon_core.package_identification:_identify(.) by extensions ['ros']
[1.253s] Level 1:colcon.colcon_core.package_identification:_identify(.) by extension 'ros'
[1.463s] Level 1:colcon.colcon_core.package_identification:_identify(.) by extensions ['cmake', 'python']
[1.463s] Level 1:colcon.colcon_core.package_identification:_identify(.) by extension 'cmake'
[1.463s] Level 1:colcon.colcon_core.package_identification:_identify(.) by extension 'python'
[1.464s] Level 1:colcon.colcon_core.package_identification:_identify(.) by extensions ['python_setup_py']
[1.464s] Level 1:colcon.colcon_core.package_identification:_identify(.) by extension 'python_setup_py'
[1.464s] Level 1:colcon.colcon_core.package_identification:_identify(build) by extensions ['ignore', 'ignore_ament_install']
[1.465s] Level 1:colcon.colcon_core.package_identification:_identify(build) by extension 'ignore'
[1.465s] Level 1:colcon.colcon_core.package_identification:_identify(build) ignored
[1.465s] Level 1:colcon.colcon_core.package_identification:_identify(install) by extensions ['ignore', 'ignore_ament_install']
[1.466s] Level 1:colcon.colcon_core.package_identification:_identify(install) by extension 'ignore'
[1.466s] Level 1:colcon.colcon_core.package_identification:_identify(install) ignored
[1.466s] Level 1:colcon.colcon_core.package_identification:_identify(log) by extensions ['ignore', 'ignore_ament_install']
[1.467s] Level 1:colcon.colcon_core.package_identification:_identify(log) by extension 'ignore'
[1.467s] Level 1:colcon.colcon_core.package_identification:_identify(log) ignored
[1.467s] Level 1:colcon.colcon_core.package_identification:_identify(src) by extensions ['ignore', 'ignore_ament_install']
[1.467s] Level 1:colcon.colcon_core.package_identification:_identify(src) by extension 'ignore'
[1.468s] Level 1:colcon.colcon_core.package_identification:_identify(src) by extension 'ignore_ament_install'
[1.468s] Level 1:colcon.colcon_core.package_identification:_identify(src) by extensions ['colcon_pkg']
[1.468s] Level 1:colcon.colcon_core.package_identification:_identify(src) by extension 'colcon_pkg'
[1.469s] Level 1:colcon.colcon_core.package_identification:_identify(src) by extensions ['colcon_meta']
[1.469s] Level 1:colcon.colcon_core.package_identification:_identify(src) by extension 'colcon_meta'
[1.469s] Level 1:colcon.colcon_core.package_identification:_identify(src) by extensions ['ros']
[1.469s] Level 1:colcon.colcon_core.package_identification:_identify(src) by extension 'ros'
[1.469s] Level 1:colcon.colcon_core.package_identification:_identify(src) by extensions ['cmake', 'python']
[1.470s] Level 1:colcon.colcon_core.package_identification:_identify(src) by extension 'cmake'
[1.470s] Level 1:colcon.colcon_core.package_identification:_identify(src) by extension 'python'
[1.470s] Level 1:colcon.colcon_core.package_identification:_identify(src) by extensions ['python_setup_py']
[1.470s] Level 1:colcon.colcon_core.package_identification:_identify(src) by extension 'python_setup_py'
[1.472s] Level 1:colcon.colcon_core.package_identification:_identify(src/lasersensor_pkg) by extensions ['ignore', 'ignore_ament_install']
[1.472s] Level 1:colcon.colcon_core.package_identification:_identify(src/lasersensor_pkg) by extension 'ignore'
[1.472s] Level 1:colcon.colcon_core.package_identification:_identify(src/lasersensor_pkg) by extension 'ignore_ament_install'
[1.473s] Level 1:colcon.colcon_core.package_identification:_identify(src/lasersensor_pkg) by extensions ['colcon_pkg']
[1.474s] Level 1:colcon.colcon_core.package_identification:_identify(src/lasersensor_pkg) by extension 'colcon_pkg'
[1.474s] Level 1:colcon.colcon_core.package_identification:_identify(src/lasersensor_pkg) by extensions ['colcon_meta']
[1.476s] Level 1:colcon.colcon_core.package_identification:_identify(src/lasersensor_pkg) by extension 'colcon_meta'
[1.476s] Level 1:colcon.colcon_core.package_identification:_identify(src/lasersensor_pkg) by extensions ['ros']
[1.476s] Level 1:colcon.colcon_core.package_identification:_identify(src/lasersensor_pkg) by extension 'ros'
[1.516s] DEBUG:colcon.colcon_core.package_identification:Package 'src/lasersensor_pkg' with type 'ros.ament_python' and name 'lasersensor_pkg'
[1.519s] Level 1:colcon.colcon_core.package_discovery:discover_packages(recursive) using defaults
[1.519s] Level 1:colcon.colcon_core.package_discovery:discover_packages(ignore) discover
[1.519s] Level 1:colcon.colcon_core.package_discovery:discover_packages(ignore) using defaults
[1.519s] Level 1:colcon.colcon_core.package_discovery:discover_packages(path) discover
[1.520s] Level 1:colcon.colcon_core.package_discovery:discover_packages(path) using defaults
[1.729s] Level 1:colcon.colcon_core.package_discovery:discover_packages(prefix_path) check parameters
[1.729s] Level 1:colcon.colcon_core.package_discovery:discover_packages(prefix_path) discover
[1.747s] DEBUG:colcon.colcon_installed_package_information.package_discovery:Found 285 installed packages in /opt/ros/jazzy
[1.756s] Level 1:colcon.colcon_core.package_discovery:discover_packages(prefix_path) using defaults
[1.945s] Level 5:colcon.colcon_core.verb:set package 'lasersensor_pkg' build argument 'cmake_args' from command line to 'None'
[1.946s] Level 5:colcon.colcon_core.verb:set package 'lasersensor_pkg' build argument 'cmake_target' from command line to 'None'
[1.946s] Level 5:colcon.colcon_core.verb:set package 'lasersensor_pkg' build argument 'cmake_target_skip_unavailable' from command line to 'False'
[1.946s] Level 5:colcon.colcon_core.verb:set package 'lasersensor_pkg' build argument 'cmake_clean_cache' from command line to 'False'
[1.946s] Level 5:colcon.colcon_core.verb:set package 'lasersensor_pkg' build argument 'cmake_clean_first' from command line to 'False'
[1.946s] Level 5:colcon.colcon_core.verb:set package 'lasersensor_pkg' build argument 'cmake_force_configure' from command line to 'False'
[1.946s] Level 5:colcon.colcon_core.verb:set package 'lasersensor_pkg' build argument 'ament_cmake_args' from command line to 'None'
[1.946s] Level 5:colcon.colcon_core.verb:set package 'lasersensor_pkg' build argument 'catkin_cmake_args' from command line to 'None'
[1.946s] Level 5:colcon.colcon_core.verb:set package 'lasersensor_pkg' build argument 'catkin_skip_building_tests' from command line to 'False'
[1.946s] DEBUG:colcon.colcon_core.verb:Building package 'lasersensor_pkg' with the following arguments: {'ament_cmake_args': None, 'build_base': '/home/ws/桌面/robot/build/lasersensor_pkg', 'catkin_cmake_args': None, 'catkin_skip_building_tests': False, 'cmake_args': None, 'cmake_clean_cache': False, 'cmake_clean_first': False, 'cmake_force_configure': False, 'cmake_target': None, 'cmake_target_skip_unavailable': False, 'install_base': '/home/ws/桌面/robot/install/lasersensor_pkg', 'merge_install': False, 'path': '/home/ws/桌面/robot/src/lasersensor_pkg', 'symlink_install': False, 'test_result_base': None}
[1.947s] INFO:colcon.colcon_core.executor:Executing jobs using 'parallel' executor
[1.950s] DEBUG:colcon.colcon_parallel_executor.executor.parallel:run_until_complete
[1.950s] INFO:colcon.colcon_ros.task.ament_python.build:Building ROS package in '/home/ws/桌面/robot/src/lasersensor_pkg' with build type 'ament_python'
[1.950s] Level 1:colcon.colcon_core.shell:create_environment_hook('lasersensor_pkg', 'ament_prefix_path')
[1.985s] INFO:colcon.colcon_core.plugin_system:Skipping extension 'colcon_core.shell.bat': Not used on non-Windows systems
[1.986s] INFO:colcon.colcon_core.shell:Creating environment hook '/home/ws/桌面/robot/install/lasersensor_pkg/share/lasersensor_pkg/hook/ament_prefix_path.ps1'
[1.990s] INFO:colcon.colcon_core.shell:Creating environment descriptor '/home/ws/桌面/robot/install/lasersensor_pkg/share/lasersensor_pkg/hook/ament_prefix_path.dsv'
[1.993s] INFO:colcon.colcon_core.shell:Creating environment hook '/home/ws/桌面/robot/install/lasersensor_pkg/share/lasersensor_pkg/hook/ament_prefix_path.sh'
[2.000s] INFO:colcon.colcon_core.shell:Skip shell extension 'powershell' for command environment: Not usable outside of PowerShell
[2.000s] DEBUG:colcon.colcon_core.shell:Skip shell extension 'dsv' for command environment
[4.444s] INFO:colcon.colcon_core.task.python.build:Building Python package in '/home/ws/桌面/robot/src/lasersensor_pkg'
[4.445s] INFO:colcon.colcon_core.shell:Skip shell extension 'powershell' for command environment: Not usable outside of PowerShell
[4.446s] DEBUG:colcon.colcon_core.shell:Skip shell extension 'dsv' for command environment
[9.041s] DEBUG:colcon.colcon_core.event_handler.log_command:Invoking command in '/home/ws/桌面/robot/src/lasersensor_pkg': DEBUGINFOD_URLS=https://debuginfod.ubuntu.com PYTHONPATH=/home/ws/桌面/robot/build/lasersensor_pkg/prefix_override:/usr/lib/python3/dist-packages/colcon_core/task/python/colcon_distutils_commands:/home/ws/桌面/robot/install/lasersensor_pkg/lib/python3.12/site-packages:${PYTHONPATH} /usr/bin/python3 -W ignore:setup.py install is deprecated -W ignore:easy_install command is deprecated setup.py egg_info --egg-base ../../build/lasersensor_pkg build --build-base /home/ws/桌面/robot/build/lasersensor_pkg/build install --record /home/ws/桌面/robot/build/lasersensor_pkg/install.log --single-version-externally-managed install_data
[12.081s] DEBUG:colcon.colcon_core.event_handler.log_command:Invoked command in '/home/ws/桌面/robot/src/lasersensor_pkg' returned '0': DEBUGINFOD_URLS=https://debuginfod.ubuntu.com PYTHONPATH=/home/ws/桌面/robot/build/lasersensor_pkg/prefix_override:/usr/lib/python3/dist-packages/colcon_core/task/python/colcon_distutils_commands:/home/ws/桌面/robot/install/lasersensor_pkg/lib/python3.12/site-packages:${PYTHONPATH} /usr/bin/python3 -W ignore:setup.py install is deprecated -W ignore:easy_install command is deprecated setup.py egg_info --egg-base ../../build/lasersensor_pkg build --build-base /home/ws/桌面/robot/build/lasersensor_pkg/build install --record /home/ws/桌面/robot/build/lasersensor_pkg/install.log --single-version-externally-managed install_data
[12.110s] Level 1:colcon.colcon_core.environment:checking '/home/ws/桌面/robot/install/lasersensor_pkg' for CMake module files
[12.112s] Level 1:colcon.colcon_core.environment:checking '/home/ws/桌面/robot/install/lasersensor_pkg' for CMake config files
[12.114s] Level 1:colcon.colcon_core.environment:checking '/home/ws/桌面/robot/install/lasersensor_pkg/lib'
[12.114s] Level 1:colcon.colcon_core.environment:checking '/home/ws/桌面/robot/install/lasersensor_pkg/bin'
[12.115s] Level 1:colcon.colcon_core.environment:checking '/home/ws/桌面/robot/install/lasersensor_pkg/lib/pkgconfig/lasersensor_pkg.pc'
[12.115s] Level 1:colcon.colcon_core.environment:checking '/home/ws/桌面/robot/install/lasersensor_pkg/lib/python3.12/site-packages'
[12.115s] Level 1:colcon.colcon_core.shell:create_environment_hook('lasersensor_pkg', 'pythonpath')
[12.116s] INFO:colcon.colcon_core.shell:Creating environment hook '/home/ws/桌面/robot/install/lasersensor_pkg/share/lasersensor_pkg/hook/pythonpath.ps1'
[12.117s] INFO:colcon.colcon_core.shell:Creating environment descriptor '/home/ws/桌面/robot/install/lasersensor_pkg/share/lasersensor_pkg/hook/pythonpath.dsv'
[12.120s] INFO:colcon.colcon_core.shell:Creating environment hook '/home/ws/桌面/robot/install/lasersensor_pkg/share/lasersensor_pkg/hook/pythonpath.sh'
[12.122s] Level 1:colcon.colcon_core.environment:checking '/home/ws/桌面/robot/install/lasersensor_pkg/bin'
[12.122s] Level 1:colcon.colcon_core.environment:create_environment_scripts_only(lasersensor_pkg)
[12.122s] INFO:colcon.colcon_core.shell:Creating package script '/home/ws/桌面/robot/install/lasersensor_pkg/share/lasersensor_pkg/package.ps1'
[12.137s] INFO:colcon.colcon_core.shell:Creating package descriptor '/home/ws/桌面/robot/install/lasersensor_pkg/share/lasersensor_pkg/package.dsv'
[12.141s] INFO:colcon.colcon_core.shell:Creating package script '/home/ws/桌面/robot/install/lasersensor_pkg/share/lasersensor_pkg/package.sh'
[12.148s] INFO:colcon.colcon_core.shell:Creating package script '/home/ws/桌面/robot/install/lasersensor_pkg/share/lasersensor_pkg/package.bash'
[12.158s] INFO:colcon.colcon_core.shell:Creating package script '/home/ws/桌面/robot/install/lasersensor_pkg/share/lasersensor_pkg/package.zsh'
[12.167s] Level 1:colcon.colcon_core.environment:create_file_with_runtime_dependencies(/home/ws/桌面/robot/install/lasersensor_pkg/share/colcon-core/packages/lasersensor_pkg)
[12.170s] DEBUG:colcon.colcon_parallel_executor.executor.parallel:closing loop
[12.170s] DEBUG:colcon.colcon_parallel_executor.executor.parallel:loop closed
[12.170s] DEBUG:colcon.colcon_parallel_executor.executor.parallel:run_until_complete finished with '0'
[12.170s] DEBUG:colcon.colcon_core.event_reactor:joining thread
[12.242s] INFO:colcon.colcon_core.plugin_system:Skipping extension 'colcon_notification.desktop_notification.terminal_notifier': Not used on non-Darwin systems
[12.248s] INFO:colcon.colcon_core.plugin_system:Skipping extension 'colcon_notification.desktop_notification.win32': Not used on non-Windows systems
[12.248s] INFO:colcon.colcon_notification.desktop_notification:Sending desktop notification using 'notify2'
[14.034s] DEBUG:colcon.colcon_core.event_reactor:joined thread
[14.035s] INFO:colcon.colcon_core.shell:Creating prefix script '/home/ws/桌面/robot/install/local_setup.ps1'
[14.041s] INFO:colcon.colcon_core.shell:Creating prefix util module '/home/ws/桌面/robot/install/_local_setup_util_ps1.py'
[14.054s] INFO:colcon.colcon_core.shell:Creating prefix chain script '/home/ws/桌面/robot/install/setup.ps1'
[14.070s] INFO:colcon.colcon_core.shell:Creating prefix script '/home/ws/桌面/robot/install/local_setup.sh'
[14.079s] INFO:colcon.colcon_core.shell:Creating prefix util module '/home/ws/桌面/robot/install/_local_setup_util_sh.py'
[14.087s] INFO:colcon.colcon_core.shell:Creating prefix chain script '/home/ws/桌面/robot/install/setup.sh'
[14.093s] INFO:colcon.colcon_core.shell:Creating prefix script '/home/ws/桌面/robot/install/local_setup.bash'
[14.096s] INFO:colcon.colcon_core.shell:Creating prefix chain script '/home/ws/桌面/robot/install/setup.bash'
[14.101s] INFO:colcon.colcon_core.shell:Creating prefix script '/home/ws/桌面/robot/install/local_setup.zsh'
[14.104s] INFO:colcon.colcon_core.shell:Creating prefix chain script '/home/ws/桌面/robot/install/setup.zsh'
